Log file open, 10/01/19 09:17:01
LogWindows: Failed to load 'aqProf.dll' (GetLastError=126)
LogWindows: File 'aqProf.dll' does not exist
LogWindows: Failed to load 'VSPerf140.dll' (GetLastError=126)
LogWindows: File 'VSPerf140.dll' does not exist
LogWindows: Failed to load 'VtuneApi.dll' (GetLastError=126)
LogWindows: File 'VtuneApi.dll' does not exist
LogWindows: Failed to load 'VtuneApi32e.dll' (GetLastError=126)
LogWindows: File 'VtuneApi32e.dll' does not exist
LogInit: Display: Running engine for game: Platformer
LogPlatformFile: Not using cached read wrapper
LogTaskGraph: Started task graph with 5 named threads and 23 total threads with 3 sets of task threads.
LogStats: Stats thread started at 0.282268
LogD3D11RHI: Loaded GFSDK_Aftermath_Lib.x64.dll
LogICUInternationalization: Display: ICU TimeZone Detection - Raw Offset: +10:00, Platform Override: ''
LogPluginManager: Mounting plugin Paper2D
LogPluginManager: Mounting plugin AISupport
LogPluginManager: Mounting plugin LightPropagationVolume
LogPluginManager: Mounting plugin CLionSourceCodeAccess
LogPluginManager: Mounting plugin CodeLiteSourceCodeAccess
LogPluginManager: Mounting plugin GitSourceControl
LogPluginManager: Mounting plugin KDevelopSourceCodeAccess
LogPluginManager: Mounting plugin NullSourceCodeAccess
LogPluginManager: Mounting plugin PerforceSourceControl
LogPluginManager: Mounting plugin SubversionSourceControl
LogPluginManager: Mounting plugin UObjectPlugin
LogPluginManager: Mounting plugin VisualStudioCodeSourceCodeAccess
LogPluginManager: Mounting plugin VisualStudioSourceCodeAccess
LogPluginManager: Mounting plugin XCodeSourceCodeAccess
LogPluginManager: Mounting plugin AssetManagerEditor
LogPluginManager: Mounting plugin CryptoKeys
LogPluginManager: Mounting plugin DataValidation
LogPluginManager: Mounting plugin FacialAnimation
LogPluginManager: Mounting plugin GameplayTagsEditor
LogPluginManager: Mounting plugin MacGraphicsSwitching
LogPluginManager: Mounting plugin MeshEditor
LogPluginManager: Mounting plugin MobileLauncherProfileWizard
LogPluginManager: Mounting plugin PluginBrowser
LogPluginManager: Mounting plugin SpeedTreeImporter
LogPluginManager: Mounting plugin DatasmithContent
LogPluginManager: Mounting plugin AlembicImporter
LogPluginManager: Mounting plugin AppleImageUtils
LogPluginManager: Mounting plugin AppleVision
LogPluginManager: Mounting plugin BackChannel
LogPluginManager: Mounting plugin CharacterAI
LogPluginManager: Mounting plugin GeometryCache
LogPluginManager: Mounting plugin HTML5Networking
LogPluginManager: Mounting plugin ProxyLODPlugin
LogPluginManager: Mounting plugin MagicLeap
LogPluginManager: Mounting plugin MagicLeapEmulator
LogPluginManager: Mounting plugin MagicLeapMedia
LogPluginManager: Mounting plugin AndroidMedia
LogPluginManager: Mounting plugin AvfMedia
LogPluginManager: Mounting plugin ImgMedia
LogPluginManager: Mounting plugin LinearTimecode
LogPluginManager: Mounting plugin MediaCompositing
LogPluginManager: Mounting plugin MediaPlayerEditor
LogPluginManager: Mounting plugin WmfMedia
LogPluginManager: Mounting plugin TcpMessaging
LogPluginManager: Mounting plugin UdpMessaging
LogPluginManager: Mounting plugin ActorSequence
LogPluginManager: Mounting plugin LevelSequenceEditor
LogPluginManager: Mounting plugin MatineeToLevelSequence
LogPluginManager: Mounting plugin NetcodeUnitTest
LogPluginManager: Mounting plugin NUTUnrealEngine4
LogPluginManager: Mounting plugin OnlineSubsystemGooglePlay
LogPluginManager: Mounting plugin OnlineSubsystemIOS
LogPluginManager: Mounting plugin OnlineSubsystem
LogPluginManager: Mounting plugin OnlineSubsystemNull
LogPluginManager: Mounting plugin OnlineSubsystemUtils
LogPluginManager: Mounting plugin LauncherChunkInstaller
LogPluginManager: Mounting plugin AndroidDeviceProfileSelector
LogPluginManager: Mounting plugin AndroidMoviePlayer
LogPluginManager: Mounting plugin AndroidPermission
LogPluginManager: Mounting plugin AppleMoviePlayer
LogPluginManager: Mounting plugin ArchVisCharacter
LogPluginManager: Mounting plugin AudioCapture
LogPluginManager: Mounting plugin CableComponent
LogPluginManager: Mounting plugin CustomMeshComponent
LogPluginManager: Mounting plugin EditableMesh
LogPluginManager: Mounting plugin ExampleDeviceProfileSelector
LogPluginManager: Mounting plugin GoogleCloudMessaging
LogPluginManager: Mounting plugin ImmediatePhysics
LogPluginManager: Mounting plugin IOSDeviceProfileSelector
LogPluginManager: Mounting plugin LinuxDeviceProfileSelector
LogPluginManager: Mounting plugin LocationServicesBPLibrary
LogPluginManager: Mounting plugin MobilePatchingUtils
LogPluginManager: Mounting plugin OculusVR
LogPluginManager: Plugin shader directory ../../../Engine/Plugins/Runtime/Oculus/OculusVR/Shaders found
LogPluginManager: Mapping shader source directory ../../../Engine/Plugins/Runtime/Oculus/OculusVR/Shaders to virtual directory /Plugin/OculusVR
LogPluginManager: Mounting plugin PhysXVehicles
LogPluginManager: Mounting plugin ProceduralMeshComponent
LogPluginManager: Mounting plugin RuntimePhysXCooking
LogPluginManager: Mounting plugin SteamVR
LogPluginManager: Mounting plugin WindowsMoviePlayer
LogStreaming: Display: Took  0.111s to configure plugins.
LogInit: Using libcurl 7.55.1-DEV
LogInit:  - built for x86_64-pc-win32
LogInit:  - supports SSL with OpenSSL/1.0.2h
LogInit:  - supports HTTP deflate (compression) using libz 1.2.8
LogInit:  - other features:
LogInit:      CURL_VERSION_SSL
LogInit:      CURL_VERSION_LIBZ
LogInit:      CURL_VERSION_IPV6
LogInit:      CURL_VERSION_ASYNCHDNS
LogInit:      CURL_VERSION_LARGEFILE
LogInit:      CURL_VERSION_IDN
LogInit:  CurlRequestOptions (configurable via config and command line):
LogInit:  - bVerifyPeer = false  - Libcurl will NOT verify peer certificate
LogInit:  - bUseHttpProxy = false  - Libcurl will NOT use HTTP proxy
LogInit:  - bDontReuseConnections = false  - Libcurl will reuse connections
LogInit:  - CertBundlePath = nullptr  - Libcurl will use whatever was configured at build time.
LogInit:  - MaxHostConnections = 16  - Libcurl will limit the number of connections to a host
LogInit:  - LocalHostAddr = Default
LogInit:  - BufferSize = 65536
LogInit: WinSock: version 1.1 (2.2), MaxSocks=32767, MaxUdp=65467
LogInit: Build: ++UE4+Release-4.20-CL-4369336
LogInit: Engine Version: 4.20.3-4369336+++UE4+Release-4.20
LogInit: Compatible Engine Version: 4.20.0-4212847+++UE4+Release-4.20
LogInit: Net CL: 4212847
LogInit: OS: Windows 10 (), CPU:         Intel(R) Core(TM) i7-3770 CPU @ 3.40GHz, GPU: NVIDIA GeForce GTX 660 Ti
LogInit: Compiled (64-bit): Sep 17 2018 12:26:19
LogInit: Compiled with Visual C++: 19.13.26129.00
LogInit: Build Configuration: Development
LogInit: Branch Name: ++UE4+Release-4.20
LogInit: Command Line: 
LogInit: Base Directory: C:/Program Files/Epic Games/UE_4.20/Engine/Binaries/Win64/
LogInit: Installed Engine Build: 1
LogDevObjectVersion: Number of dev versions registered: 20
LogDevObjectVersion:   Dev-Blueprints (B0D832E4-1F89-4F0D-ACCF-7EB736FD4AA2): 10
LogDevObjectVersion:   Dev-Build (E1C64328-A22C-4D53-A36C-8E866417BD8C): 0
LogDevObjectVersion:   Dev-Core (375EC13C-06E4-48FB-B500-84F0262A717E): 2
LogDevObjectVersion:   Dev-Editor (E4B068ED-F494-42E9-A231-DA0B2E46BB41): 24
LogDevObjectVersion:   Dev-Framework (CFFC743F-43B0-4480-9391-14DF171D2073): 34
LogDevObjectVersion:   Dev-Mobile (B02B49B5-BB20-44E9-A304-32B752E40360): 2
LogDevObjectVersion:   Dev-Networking (A4E4105C-59A1-49B5-A7C5-40C4547EDFEE): 0
LogDevObjectVersion:   Dev-Online (39C831C9-5AE6-47DC-9A44-9C173E1C8E7C): 0
LogDevObjectVersion:   Dev-Physics (78F01B33-EBEA-4F98-B9B4-84EACCB95AA2): 0
LogDevObjectVersion:   Dev-Platform (6631380F-2D4D-43E0-8009-CF276956A95A): 0
LogDevObjectVersion:   Dev-Rendering (12F88B9F-8875-4AFC-A67C-D90C383ABD29): 26
LogDevObjectVersion:   Dev-Sequencer (7B5AE74C-D270-4C10-A958-57980B212A5A): 9
LogDevObjectVersion:   Dev-VR (D7296918-1DD6-4BDD-9DE2-64A83CC13884): 2
LogDevObjectVersion:   Dev-LoadTimes (C2A15278-BFE7-4AFE-6C17-90FF531DF755): 1
LogDevObjectVersion:   Private-Geometry (6EACA3D4-40EC-4CC1-B786-8BED09428FC5): 3
LogDevObjectVersion:   Dev-AnimPhys (29E575DD-E0A3-4627-9D10-D276232CDCEA): 17
LogDevObjectVersion:   Dev-ReflectionCapture (6B266CEC-1EC7-4B8F-A30B-E4D90942FC07): 1
LogDevObjectVersion:   Dev-Automation (0DF73D61-A23F-47EA-B727-89E90C41499A): 1
LogDevObjectVersion:   FortniteMain (601D1886-AC64-4F84-AA16-D3DE0DEAC7D6): 12
LogDevObjectVersion:   Dev-Enterprise (9DFFBCD6-494F-0158-E221-12823C92A888): 1
LogStreaming: Display: Took  0.002s to delete old logs.
LogInit: Presizing for max 8388607 objects, including 0 objects not considered by GC, pre-allocating 0 bytes for permanent pool.
LogInit: Object subsystem initialized
[2019.09.30-23.17.01:839][  0]LogInit: Selected Device Profile: [Windows]
[2019.09.30-23.17.01:839][  0]LogInit: Applying CVar settings loaded from the selected device profile: [Windows]
[2019.09.30-23.17.01:857][  0]LogHAL: Display: Platform has ~ 32 GB [34319237120 / 34359738368 / 32], which maps to Largest [LargestMinGB=32, LargerMinGB=12, DefaultMinGB=8, SmallerMinGB=6, SmallestMinGB=0)
[2019.09.30-23.17.01:857][  0]LogInit: Setting Device Profile CVar: [[r.Vulkan.UseRealUBs:1]]
[2019.09.30-23.17.01:857][  0]LogInit: Going up to parent DeviceProfile []
[2019.09.30-23.17.01:857][  0]LogInit: Computer: SYD-D3360F
[2019.09.30-23.17.01:858][  0]LogInit: User: s192123
[2019.09.30-23.17.01:858][  0]LogInit: CPU Page size=4096, Cores=4
[2019.09.30-23.17.01:858][  0]LogInit: High frequency timer resolution =3.323583 MHz
[2019.09.30-23.17.01:858][  0]LogMemory: Memory total: Physical=32.0GB (32GB approx)
[2019.09.30-23.17.01:858][  0]LogMemory: Platform Memory Stats for Windows
[2019.09.30-23.17.01:858][  0]LogMemory: Process Physical Memory: 99.86 MB used, 99.86 MB peak
[2019.09.30-23.17.01:858][  0]LogMemory: Process Virtual Memory: 90.96 MB used, 90.96 MB peak
[2019.09.30-23.17.01:858][  0]LogMemory: Physical Memory: 3054.34 MB used,  29675.04 MB free, 32729.38 MB total
[2019.09.30-23.17.01:858][  0]LogMemory: Virtual Memory: 4640.04 MB used,  29675.04 MB free, 134217728.00 MB total
[2019.09.30-23.17.01:874][  0]LogInit: Using OS detected language (en-US).
[2019.09.30-23.17.01:874][  0]LogInit: Using OS detected locale (en-US).
[2019.09.30-23.17.01:875][  0]LogTextLocalizationManager: No specific localization for 'en-US' exists, so the 'en' localization will be used.
[2019.09.30-23.17.02:253][  0]LogStreaming: Display: Took  0.379s to InitEngineTextLocalization.
[2019.09.30-23.17.02:254][  0]LogInit: Setting process to per monitor DPI aware
[2019.09.30-23.17.02:295][  0]LogSlate: New Slate User Created.  User Index 0, Is Virtual User: 0
[2019.09.30-23.17.02:296][  0]LogSlate: Slate User Registered.  User Index 0, Is Virtual User: 0
[2019.09.30-23.17.02:501][  0]LogHMD: Failed to initialize OpenVR with code 110
[2019.09.30-23.17.02:501][  0]LogD3D11RHI: D3D11 adapters:
[2019.09.30-23.17.02:562][  0]LogD3D11RHI:    0. 'NVIDIA GeForce GTX 660 Ti' (Feature Level 11_0)
[2019.09.30-23.17.02:563][  0]LogD3D11RHI:       1998/0/16364 MB DedicatedVideo/DedicatedSystem/SharedSystem, Outputs:2, VendorId:0x10de
[2019.09.30-23.17.02:565][  0]LogD3D11RHI:    1. 'Microsoft Basic Render Driver' (Feature Level 11_0)
[2019.09.30-23.17.02:565][  0]LogD3D11RHI:       0/0/16364 MB DedicatedVideo/DedicatedSystem/SharedSystem, Outputs:0, VendorId:0x1414
[2019.09.30-23.17.02:565][  0]LogD3D11RHI: Chosen D3D11 Adapter: 0
[2019.09.30-23.17.02:568][  0]LogD3D11RHI: Creating new Direct3DDevice
[2019.09.30-23.17.02:568][  0]LogD3D11RHI:     GPU DeviceId: 0x1183 (for the marketing name, search the web for "GPU Device Id")
[2019.09.30-23.17.02:568][  0]LogWindows: EnumDisplayDevices:
[2019.09.30-23.17.02:569][  0]LogWindows:    0. 'NVIDIA GeForce GTX 660 Ti' (P:0 D:1)
[2019.09.30-23.17.02:569][  0]LogWindows:    1. 'NVIDIA GeForce GTX 660 Ti' (P:1 D:1)
[2019.09.30-23.17.02:569][  0]LogWindows:    2. 'NVIDIA GeForce GTX 660 Ti' (P:0 D:0)
[2019.09.30-23.17.02:569][  0]LogWindows:    3. 'NVIDIA GeForce GTX 660 Ti' (P:0 D:0)
[2019.09.30-23.17.02:569][  0]LogWindows: DebugString: FoundDriverCount:4 
[2019.09.30-23.17.02:569][  0]LogD3D11RHI:     Adapter Name: NVIDIA GeForce GTX 660 Ti
[2019.09.30-23.17.02:569][  0]LogD3D11RHI:   Driver Version: 417.35 (internal:25.21.14.1735, unified:417.35)
[2019.09.30-23.17.02:569][  0]LogD3D11RHI:      Driver Date: 12-11-2018
[2019.09.30-23.17.02:569][  0]LogRHI: Texture pool is 1398 MB (70% of 1998 MB)
[2019.09.30-23.17.02:617][  0]LogD3D11RHI: Async texture creation enabled
[2019.09.30-23.17.02:633][  0]LogD3D11RHI: GPU Timing Frequency: 1000.000000 (Debug: 2 2)
[2019.09.30-23.17.02:637][  0]LogShaderCompilers: Guid format shader working directory is -17 characters bigger than the processId version (../../../../../../Users/s192123/Documents/GitHub/Cert2/Platformer/Intermediate/Shaders/WorkingDirectory/6052/).
[2019.09.30-23.17.02:637][  0]LogShaderCompilers: Cleaned the shader compiler working directory 'C:/Users/s192123/AppData/Local/Temp/UnrealShaderWorkingDir/6C60B405468D04D4FEF54089A275C87B/'.
[2019.09.30-23.17.02:887][  0]LogTemp: Display: Loaded TP AllDesktopTargetPlatform
[2019.09.30-23.17.02:900][  0]LogTemp: Display: Loaded TP MacClientTargetPlatform
[2019.09.30-23.17.02:913][  0]LogTemp: Display: Loaded TP MacNoEditorTargetPlatform
[2019.09.30-23.17.02:926][  0]LogTemp: Display: Loaded TP MacServerTargetPlatform
[2019.09.30-23.17.02:939][  0]LogTemp: Display: Loaded TP MacTargetPlatform
[2019.09.30-23.17.02:952][  0]LogTemp: Display: Loaded TP WindowsClientTargetPlatform
[2019.09.30-23.17.02:966][  0]LogTemp: Display: Loaded TP WindowsNoEditorTargetPlatform
[2019.09.30-23.17.02:979][  0]LogTemp: Display: Loaded TP WindowsServerTargetPlatform
[2019.09.30-23.17.02:985][  0]LogTemp: Display: Loaded TP WindowsTargetPlatform
[2019.09.30-23.17.03:063][  0]LogTemp: Display: Loaded TP AndroidTargetPlatform
[2019.09.30-23.17.03:063][  0]LogTemp: Display: Loaded TP AndroidTargetPlatform
[2019.09.30-23.17.03:063][  0]LogTemp: Display: Loaded TP AndroidTargetPlatform
[2019.09.30-23.17.03:063][  0]LogTemp: Display: Loaded TP AndroidTargetPlatform
[2019.09.30-23.17.03:063][  0]LogTemp: Display: Loaded TP AndroidTargetPlatform
[2019.09.30-23.17.03:063][  0]LogTemp: Display: Loaded TP AndroidTargetPlatform
[2019.09.30-23.17.03:063][  0]LogTemp: Display: Loaded TP AndroidTargetPlatform
[2019.09.30-23.17.03:063][  0]LogTemp: Display: Loaded TP AndroidTargetPlatform
[2019.09.30-23.17.03:063][  0]LogTemp: Display: Loaded TP AndroidTargetPlatform
[2019.09.30-23.17.03:063][  0]LogTemp: Display: Loaded TP AndroidTargetPlatform
[2019.09.30-23.17.03:063][  0]LogTemp: Display: Loaded TP AndroidTargetPlatform
[2019.09.30-23.17.03:063][  0]LogTemp: Display: Loaded TP AndroidTargetPlatform
[2019.09.30-23.17.03:063][  0]LogTemp: Display: Loaded TP AndroidTargetPlatform
[2019.09.30-23.17.03:063][  0]LogTemp: Display: Loaded TP AndroidTargetPlatform
[2019.09.30-23.17.03:063][  0]LogTemp: Display: Loaded TP AndroidTargetPlatform
[2019.09.30-23.17.03:063][  0]LogTemp: Display: Loaded TP AndroidTargetPlatform
[2019.09.30-23.17.03:063][  0]LogTemp: Display: Loaded TP AndroidTargetPlatform
[2019.09.30-23.17.03:063][  0]LogTemp: Display: Loaded TP AndroidTargetPlatform
[2019.09.30-23.17.03:064][  0]LogTemp: Display: Loaded TP HTML5TargetPlatform
[2019.09.30-23.17.03:124][  0]LogTemp: Display: Loaded TP IOSTargetPlatform
[2019.09.30-23.17.03:124][  0]LogTemp: Display: Loaded TP IOSTargetPlatform
[2019.09.30-23.17.03:148][  0]LogTemp: Display: Loaded TP TVOSTargetPlatform
[2019.09.30-23.17.03:148][  0]LogTemp: Display: Loaded TP TVOSTargetPlatform
[2019.09.30-23.17.03:160][  0]LogTemp: Display: Loaded TP LinuxClientTargetPlatform
[2019.09.30-23.17.03:173][  0]LogTemp: Display: Loaded TP LinuxNoEditorTargetPlatform
[2019.09.30-23.17.03:185][  0]LogTemp: Display: Loaded TP LinuxServerTargetPlatform
[2019.09.30-23.17.03:198][  0]LogTemp: Display: Loaded TP LinuxTargetPlatform
[2019.09.30-23.17.03:207][  0]LogTemp: Display: Loaded TP LuminTargetPlatform
[2019.09.30-23.17.03:207][  0]LogTargetPlatformManager: Display: Building Assets For Windows
[2019.09.30-23.17.03:256][  0]LogXGEController: Cannot use XGE Controller as Incredibuild is not installed on this machine.
[2019.09.30-23.17.03:256][  0]LogShaderCompilers: Cannot use XGE Shader Compiler as Incredibuild is not installed on this machine.
[2019.09.30-23.17.03:256][  0]LogShaderCompilers: Display: Using Local Shader Compiler.
[2019.09.30-23.17.03:986][  0]LogDerivedDataCache: Display: Max Cache Size: 512 MB
[2019.09.30-23.17.04:037][  0]LogDerivedDataCache: Loaded boot cache 0.05s 71MB C:/Users/s192123/AppData/Local/UnrealEngine/4.20/DerivedDataCache/Boot.ddc.
[2019.09.30-23.17.04:038][  0]LogDerivedDataCache: Display: Loaded Boot cache: C:/Users/s192123/AppData/Local/UnrealEngine/4.20/DerivedDataCache/Boot.ddc
[2019.09.30-23.17.04:038][  0]LogDerivedDataCache: FDerivedDataBackendGraph:  Pak pak cache file ../../../../../../Users/s192123/Documents/GitHub/Cert2/Platformer/DerivedDataCache/DDC.ddp not found, will not use a pak cache.
[2019.09.30-23.17.04:038][  0]LogDerivedDataCache: Unable to find inner node Pak for hierarchical cache Hierarchy.
[2019.09.30-23.17.04:038][  0]LogDerivedDataCache: FDerivedDataBackendGraph:  CompressedPak pak cache file ../../../../../../Users/s192123/Documents/GitHub/Cert2/Platformer/DerivedDataCache/Compressed.ddp not found, will not use a pak cache.
[2019.09.30-23.17.04:038][  0]LogDerivedDataCache: Unable to find inner node CompressedPak for hierarchical cache Hierarchy.
[2019.09.30-23.17.04:050][  0]LogDerivedDataCache: Display: Pak cache opened for reading ../../../Engine/DerivedDataCache/Compressed.ddp.
[2019.09.30-23.17.04:062][  0]LogDerivedDataCache: Using Local data cache path C:/Users/s192123/AppData/Local/UnrealEngine/Common/DerivedDataCache: Writable
[2019.09.30-23.17.04:062][  0]LogDerivedDataCache: Shared data cache path not found in *engine.ini, will not use an Shared cache.
[2019.09.30-23.17.04:062][  0]LogDerivedDataCache: Unable to find inner node Shared for hierarchical cache Hierarchy.
[2019.09.30-23.17.04:083][  0]LogMaterial: Verifying Global Shaders for PCD3D_SM5
[2019.09.30-23.17.04:084][  0]LogSlate: Using FreeType 2.6.0
[2019.09.30-23.17.04:085][  0]LogSlate: SlateFontServices - WITH_FREETYPE: 1, WITH_HARFBUZZ: 1
[2019.09.30-23.17.04:165][  0]LogAssetRegistry: FAssetRegistry took 0.0263 seconds to start up
[2019.09.30-23.17.04:522][  0]LogInit: Selected Device Profile: [Windows]
[2019.09.30-23.17.04:648][  0]LogSimplygon: Simplygon DLL not present - disabling.
[2019.09.30-23.17.04:650][  0]LogMeshReduction: Using SimplygonSwarm for distributed automatic mesh merging
[2019.09.30-23.17.04:651][  0]LogMeshReduction: Using ProxyLODMeshReduction for automatic mesh merging
[2019.09.30-23.17.04:651][  0]LogMeshReduction: Using QuadricMeshReduction for automatic static mesh reduction
[2019.09.30-23.17.04:651][  0]LogMeshReduction: No automatic skeletal mesh reduction module available
[2019.09.30-23.17.04:669][  0]LogNetVersion: Platformer 1.0.0, NetCL: 4212847, EngineNetVer: 5, GameNetVer: 0 (Checksum: 3892038749)
[2019.09.30-23.17.05:167][  0]LogPackageLocalizationCache: Processed 11 localized package path(s) for 2 prioritized culture(s) in 0.102039 seconds
[2019.09.30-23.17.05:173][  0]LogUObjectArray: 38425 objects as part of root set at end of initial load.
[2019.09.30-23.17.05:173][  0]LogUObjectAllocator: 6690864 out of 0 bytes used by permanent object pool.
[2019.09.30-23.17.05:173][  0]LogUObjectArray: CloseDisregardForGC: 0/0 objects in disregard for GC pool
[2019.09.30-23.17.05:949][  0]LogTcpMessaging: Initializing TcpMessaging bridge
[2019.09.30-23.17.05:962][  0]LogUdpMessaging: Initializing bridge on interface 0.0.0.0:0 to multicast group 230.0.0.1:6666.
[2019.09.30-23.17.06:099][  0]SourceControl: Source control is disabled
[2019.09.30-23.17.06:099][  0]SourceControl: Source control is disabled
[2019.09.30-23.17.06:101][  0]SourceControl: Source control is disabled
[2019.09.30-23.17.06:101][  0]SourceControl: Source control is disabled
[2019.09.30-23.17.06:255][  0]LogAndroidPermission: UAndroidPermissionCallbackProxy::GetInstance
[2019.09.30-23.17.06:289][  0]LogOcInput: OculusInput pre-init called
[2019.09.30-23.17.06:349][  0]LogEngine: Initializing Engine...
[2019.09.30-23.17.06:349][  0]LogHMD: Failed to initialize OpenVR with code 110
[2019.09.30-23.17.06:351][  0]LogStats: UGameplayTagsManager::ConstructGameplayTagTree: ImportINI prefixes -  0.000 s
[2019.09.30-23.17.06:351][  0]LogStats: UGameplayTagsManager::ConstructGameplayTagTree: Construct from data asset -  0.000 s
[2019.09.30-23.17.06:351][  0]LogStats: UGameplayTagsManager::ConstructGameplayTagTree: ImportINI -  0.000 s
[2019.09.30-23.17.06:351][  0]LogStats: UGameplayTagsManager::ConstructGameplayTagTree: GameplayTagTreeChangedEvent.Broadcast -  0.000 s
[2019.09.30-23.17.06:556][  0]LogInit: Initializing FReadOnlyCVARCache
[2019.09.30-23.17.06:568][  0]LogAIModule: Creating AISystem for world Untitled
[2019.09.30-23.17.06:576][  0]LogInit: XAudio2 using 'Digital Audio (S/PDIF) (High Definition Audio Device)' : 2 channels at 48 kHz using 16 bits per sample (channel mask 0x3)
[2019.09.30-23.17.06:596][  0]LogInit: FAudioDevice initialized.
[2019.09.30-23.17.06:597][  0]LogNetVersion: Set ProjectVersion to 1.0.0.0. Version Checksum will be recalculated on next use.
[2019.09.30-23.17.06:678][  0]LogDerivedDataCache: Saved boot cache 0.08s 71MB C:/Users/s192123/AppData/Local/UnrealEngine/4.20/DerivedDataCache/Boot.ddc.
[2019.09.30-23.17.06:693][  0]LogInit: Texture streaming: Enabled
[2019.09.30-23.17.06:707][  0]LogEngineSessionManager: EngineSessionManager initialized
[2019.09.30-23.17.06:724][  0]LogInit: Transaction tracking system initialized
[2019.09.30-23.17.06:741][  0]BlueprintLog: New page: Editor Load
[2019.09.30-23.17.06:802][  0]LocalizationService: Localization service is disabled
[2019.09.30-23.17.07:046][  0]LogCook: Display: Max memory allowance for cook 16384mb min free memory 0mb
[2019.09.30-23.17.07:046][  0]LogCook: Display: Mobile HDR setting 1
[2019.09.30-23.17.07:046][  0]LogGameplayTags: Display: UGameplayTagsManager::DoneAddingNativeTags. DelegateIsBound: 0
[2019.09.30-23.17.07:046][  0]LogStats: UGameplayTagsManager::ConstructGameplayTagTree: ImportINI prefixes -  0.000 s
[2019.09.30-23.17.07:046][  0]LogStats: UGameplayTagsManager::ConstructGameplayTagTree: Construct from data asset -  0.000 s
[2019.09.30-23.17.07:046][  0]LogStats: UGameplayTagsManager::ConstructGameplayTagTree: ImportINI -  0.000 s
[2019.09.30-23.17.07:046][  0]LogStats: UGameplayTagsManager::ConstructGameplayTagTree: GameplayTagTreeChangedEvent.Broadcast -  0.000 s
[2019.09.30-23.17.07:148][  0]LogFileCache: Scanning file cache for directory 'C:/Users/s192123/Documents/GitHub/Cert2/Platformer/Content/' took 0.02s
[2019.09.30-23.17.07:148][  0]SourceControl: Source control is disabled
[2019.09.30-23.17.07:148][  0]Cmd: MAP LOAD FILE="../../../../../../Users/s192123/Documents/GitHub/Cert2/Platformer/Content/_MyContent/Maps/Level_1.umap" TEMPLATE=0 SHOWPROGRESS=1 FEATURELEVEL=3
[2019.09.30-23.17.07:149][  0]LightingResults: New page: Lighting Build
[2019.09.30-23.17.07:151][  0]MapCheck: New page: Map Check
[2019.09.30-23.17.07:151][  0]LightingResults: New page: Lighting Build
[2019.09.30-23.17.07:898][  0]LogAIModule: Creating AISystem for world Level_1
[2019.09.30-23.17.07:915][  0]LogEditorServer: Finished looking for orphan Actors (0.000 secs)
[2019.09.30-23.17.07:936][  0]Cmd: MAP CHECKDEP NOCLEARLOG
[2019.09.30-23.17.08:010][  0]MapCheck: Map check complete: 0 Error(s), 0 Warning(s), took 73.931ms to complete.
[2019.09.30-23.17.08:010][  0]LogFileHelpers: Loading map 'Level_1' took 0.862
[2019.09.30-23.17.08:101][  0]LogSlate: Updating window title bar state: overlay mode, drag disabled, window buttons hidden, title bar hidden
[2019.09.30-23.17.08:109][  0]LogSlate: Updating window title bar state: overlay mode, drag disabled, window buttons hidden, title bar hidden
[2019.09.30-23.17.08:116][  0]LogSlate: Updating window title bar state: overlay mode, drag disabled, window buttons hidden, title bar hidden
[2019.09.30-23.17.08:124][  0]LogSlate: Updating window title bar state: overlay mode, drag disabled, window buttons hidden, title bar hidden
[2019.09.30-23.17.08:129][  0]LogCollectionManager: Loaded 0 collections in 0.001241 seconds
[2019.09.30-23.17.08:168][  0]LogFileCache: Scanning file cache for directory 'C:/Users/s192123/Documents/GitHub/Cert2/Platformer/Saved/Collections/' took 0.01s
[2019.09.30-23.17.08:168][  0]LogFileCache: Scanning file cache for directory 'C:/Users/s192123/Documents/GitHub/Cert2/Platformer/Content/Developers/s192123/Collections/' took 0.01s
[2019.09.30-23.17.08:168][  0]LogFileCache: Scanning file cache for directory 'C:/Users/s192123/Documents/GitHub/Cert2/Platformer/Content/Collections/' took 0.01s
[2019.09.30-23.17.08:168][  0]LogCollectionManager: Rebuilt the GUID cache for 0 collections in 0.000000 seconds
[2019.09.30-23.17.08:178][  0]LogContentBrowser: Native class hierarchy populated in 0.0096 seconds. Added 2572 classes and 603 folders.
[2019.09.30-23.17.08:185][  0]LogContentBrowser: Native class hierarchy updated for 'WidgetCarousel' in 0.0003 seconds. Added 0 classes and 0 folders.
[2019.09.30-23.17.08:224][  0]LogContentBrowser: Native class hierarchy updated for 'AddContentDialog' in 0.0002 seconds. Added 0 classes and 0 folders.
[2019.09.30-23.17.08:238][  0]LogContentBrowser: Native class hierarchy updated for 'SceneOutliner' in 0.0003 seconds. Added 1 classes and 2 folders.
[2019.09.30-23.17.08:310][  0]LogSlate: Took 0.000207 seconds to synchronously load lazily loaded font '../../../Engine/Content/Slate/Fonts/Roboto-Regular.ttf' (155K)
[2019.09.30-23.17.08:312][  0]LogSlate: Took 0.000144 seconds to synchronously load lazily loaded font '../../../Engine/Content/Slate/Fonts/Roboto-Bold.ttf' (160K)
[2019.09.30-23.17.08:317][  0]LogSlate: Took 0.000150 seconds to synchronously load lazily loaded font '../../../Engine/Content/Editor/Slate/Fonts/FontAwesome.ttf' (139K)
[2019.09.30-23.17.08:398][  0]LogRenderer: Reallocating scene render targets to support 1360x612 Format 10 NumSamples 1 (Frame:1).
[2019.09.30-23.17.08:616][  0]LogContentBrowser: Native class hierarchy updated for 'HierarchicalLODOutliner' in 0.0003 seconds. Added 0 classes and 0 folders.
[2019.09.30-23.17.08:616][  0]LogLoad: (Engine Initialization) Total time: 8.41 seconds
[2019.09.30-23.17.08:616][  0]LogLoad: (Engine Initialization) Total Blueprint compile time: 0.00 seconds
[2019.09.30-23.17.08:626][  0]LogWindowsTextInputMethodSystem: Display: IME system now deactivated.
[2019.09.30-23.17.08:646][  0]LogContentStreaming: Texture pool size now 1000 MB
[2019.09.30-23.17.08:679][  0]LogSlate: Took 0.000134 seconds to synchronously load lazily loaded font '../../../Engine/Content/Slate/Fonts/Roboto-Light.ttf' (167K)
[2019.09.30-23.17.08:693][  1]LogAssetRegistry: Asset discovery search completed in 4.5499 seconds
[2019.09.30-23.17.08:694][  1]LogCollectionManager: Rebuilt the object cache for 0 collections in 0.000001 seconds (found 0 objects)
[2019.09.30-23.17.08:694][  1]LogCollectionManager: Fixed up redirectors for 0 collections in 0.000039 seconds (updated 0 objects)
[2019.09.30-23.17.09:650][101]LogSlate: Took 0.000195 seconds to synchronously load lazily loaded font '../../../Engine/Content/Slate/Fonts/Roboto-Light.ttf' (167K)
[2019.09.30-23.17.22:867][180]LogSlate: FSceneViewport::OnFocusLost() reason 0
[2019.09.30-23.17.22:934][188]LogTemp: Repeating last play command: New Editor Window (PIE)
[2019.09.30-23.17.22:950][188]LogPlayLevel: PlayLevel: No blueprints needed recompiling
[2019.09.30-23.17.22:962][188]PIE: New page: PIE session: Level_1 (Oct 1, 2019, 7:17:22 PM)
[2019.09.30-23.17.22:962][188]LogPlayLevel: Creating play world package: /Game/_MyContent/Maps/UEDPIE_0_Level_1
[2019.09.30-23.17.22:966][188]LogPlayLevel: PIE: StaticDuplicateObject took: (0.003396s)
[2019.09.30-23.17.22:966][188]LogAIModule: Creating AISystem for world Level_1
[2019.09.30-23.17.22:967][188]LogPlayLevel: PIE: World Init took: (0.000895s)
[2019.09.30-23.17.22:967][188]LogPlayLevel: PIE: Created PIE world by copying editor world from /Game/_MyContent/Maps/Level_1.Level_1 to /Game/_MyContent/Maps/UEDPIE_0_Level_1.Level_1 (0.004447s)
[2019.09.30-23.17.22:991][188]LogInit: XAudio2 using 'Digital Audio (S/PDIF) (High Definition Audio Device)' : 2 channels at 48 kHz using 16 bits per sample (channel mask 0x3)
[2019.09.30-23.17.22:999][188]LogInit: FAudioDevice initialized.
[2019.09.30-23.17.23:006][188]LogSlate: Updating window title bar state: overlay mode, drag disabled, window buttons hidden, title bar hidden
[2019.09.30-23.17.23:062][188]LogLoad: Game class is 'GameModeBase'
[2019.09.30-23.17.23:065][188]LogWorld: Bringing World /Game/_MyContent/Maps/UEDPIE_0_Level_1.Level_1 up for play (max tick rate 0) at 2019.10.01-09.17.23
[2019.09.30-23.17.23:066][188]LogWorld: Bringing up level for play took: 0.002529
[2019.09.30-23.17.23:114][188]LogContentBrowser: Native class hierarchy updated for 'MovieSceneCapture' in 0.0003 seconds. Added 10 classes and 0 folders.
[2019.09.30-23.17.23:117][188]PIE: Play in editor start time for /Game/_MyContent/Maps/UEDPIE_0_Level_1 -0.181
[2019.09.30-23.17.23:160][188]LogRenderer: Reallocating scene render targets to support 1932x1116 Format 10 NumSamples 1 (Frame:1).
[2019.09.30-23.17.37:761][187]LogSlate: Updating window title bar state: overlay mode, drag disabled, window buttons hidden, title bar hidden
[2019.09.30-23.17.37:778][187]LogSlate: Window 'Platformer Game Preview Standalone (64-bit/PCD3D_SM5)' being destroyed
[2019.09.30-23.17.37:810][187]LogPlayLevel: Display: Shutting down PIE online subsystems
[2019.09.30-23.17.37:860][190]LogPlayLevel: Display: Destroying online subsystem :Context_1
[2019.09.30-23.17.42:534][319]LogEditorViewport: Clicking on Actor (context menu): StaticMeshActor (Floor)
[2019.09.30-23.17.42:594][319]LogSlate: FSceneViewport::OnFocusLost() reason 2
[2019.09.30-23.18.49:403][173]LogSlate: Window 'Pick Parent Class' being destroyed
[2019.09.30-23.19.23:972][249]LogSlate: Took 0.000209 seconds to synchronously load lazily loaded font '../../../Engine/Content/Slate/Fonts/Roboto-Italic.ttf' (157K)
[2019.09.30-23.19.25:000][372]LogSlate: FSceneViewport::OnFocusLost() reason 0
[2019.09.30-23.19.57:710][276]LogAssetEditorManager: Opening Asset editor for Blueprint /Game/_MyContent/Blueprints/MySplinePlatform.MySplinePlatform
[2019.09.30-23.19.58:220][276]LogContentBrowser: Native class hierarchy updated for 'BlueprintGraph' in 0.0007 seconds. Added 116 classes and 0 folders.
[2019.09.30-23.20.57:338][610]LogSlate: Took 0.005816 seconds to synchronously load lazily loaded font '../../../Engine/Content/Slate/Fonts/Roboto-BoldCondensedItalic.ttf' (160K)
[2019.09.30-23.22.22:948][415]LogSlate: Took 0.000236 seconds to synchronously load lazily loaded font '../../../Engine/Content/Slate/Fonts/Roboto-BoldCondensed.ttf' (158K)
[2019.09.30-23.22.55:905][852]LogEditorTransaction: Undo Add Node
[2019.09.30-23.23.41:997][578]BlueprintLog: New page: Compile MySplinePlatform
[2019.09.30-23.23.43:490][713]LogSlate: Window 'MySplinePlatform*' being destroyed
[2019.09.30-23.26.23:452][946]BlueprintLog: New page: Compile MySplinePlatform
[2019.09.30-23.26.40:753][923]LogSlate: FSceneViewport::OnFocusLost() reason 0
[2019.09.30-23.26.40:828][932]LogTemp: Repeating last play command: New Editor Window (PIE)
[2019.09.30-23.26.40:848][932]LogPlayLevel: PlayLevel: No blueprints needed recompiling
[2019.09.30-23.26.40:848][932]PIE: New page: PIE session: Level_1 (Oct 1, 2019, 7:26:40 PM)
[2019.09.30-23.26.40:848][932]LogPlayLevel: Creating play world package: /Game/_MyContent/Maps/UEDPIE_0_Level_1
[2019.09.30-23.26.40:851][932]LogPlayLevel: PIE: StaticDuplicateObject took: (0.003019s)
[2019.09.30-23.26.40:853][932]LogAIModule: Creating AISystem for world Level_1
[2019.09.30-23.26.40:853][932]LogPlayLevel: PIE: World Init took: (0.001633s)
[2019.09.30-23.26.40:853][932]LogPlayLevel: PIE: Created PIE world by copying editor world from /Game/_MyContent/Maps/Level_1.Level_1 to /Game/_MyContent/Maps/UEDPIE_0_Level_1.Level_1 (0.004839s)
[2019.09.30-23.26.40:881][932]LogInit: XAudio2 using 'Digital Audio (S/PDIF) (High Definition Audio Device)' : 2 channels at 48 kHz using 16 bits per sample (channel mask 0x3)
[2019.09.30-23.26.40:889][932]LogInit: FAudioDevice initialized.
[2019.09.30-23.26.40:897][932]LogSlate: Updating window title bar state: overlay mode, drag disabled, window buttons hidden, title bar hidden
[2019.09.30-23.26.40:935][932]LogLoad: Game class is 'GameModeBase'
[2019.09.30-23.26.40:938][932]LogWorld: Bringing World /Game/_MyContent/Maps/UEDPIE_0_Level_1.Level_1 up for play (max tick rate 0) at 2019.10.01-09.26.40
[2019.09.30-23.26.40:938][932]LogWorld: Bringing up level for play took: 0.002004
[2019.09.30-23.26.40:953][932]PIE: Play in editor start time for /Game/_MyContent/Maps/UEDPIE_0_Level_1 -0.342
[2019.09.30-23.26.45:685][281]LogSlate: Updating window title bar state: overlay mode, drag disabled, window buttons hidden, title bar hidden
[2019.09.30-23.26.45:704][281]LogSlate: Window 'Platformer Game Preview Standalone (64-bit/PCD3D_SM5)' being destroyed
[2019.09.30-23.26.45:735][281]LogPlayLevel: Display: Shutting down PIE online subsystems
[2019.09.30-23.26.45:784][283]LogPlayLevel: Display: Destroying online subsystem :Context_5
[2019.09.30-23.29.59:856][861]LogEditorTransaction: Undo Move Nodes
[2019.09.30-23.30.01:064][  3]LogEditorTransaction: Undo Add Node
[2019.09.30-23.32.51:662][323]LogSavePackage: Moving '../../../../../../Users/s192123/Documents/GitHub/Cert2/Platformer/Saved/Level_1_Auto195F2C51F4225906130B0669648D37A7B.tmp' to '../../../../../../Users/s192123/Documents/GitHub/Cert2/Platformer/Saved/Autosaves/Game/_MyContent/Maps/Level_1_Auto1.umap'
[2019.09.30-23.32.51:667][323]LogFileHelpers: Editor autosave (incl. sublevels) for '/Game/_MyContent/Maps/Level_1' took 0.080
[2019.09.30-23.32.51:668][323]LogFileHelpers: Editor autosave (incl. sublevels) for all levels took 0.080
[2019.09.30-23.32.51:670][323]OBJ SavePackage: Generating thumbnails for [0] asset(s) in package [/Game/_MyContent/Blueprints/MySplinePlatform] ([1] browsable assets)...
[2019.09.30-23.32.51:670][323]OBJ SavePackage: Finished generating thumbnails for package [/Game/_MyContent/Blueprints/MySplinePlatform]
[2019.09.30-23.32.51:692][323]LogSavePackage: Moving '../../../../../../Users/s192123/Documents/GitHub/Cert2/Platformer/Saved/MySplinePlatform_Auto122C5504A442CDCB878FDD9AB1509D7FE.tmp' to '../../../../../../Users/s192123/Documents/GitHub/Cert2/Platformer/Saved/Autosaves/Game/_MyContent/Blueprints/MySplinePlatform_Auto1.uasset'
[2019.09.30-23.32.51:693][323]LogFileHelpers: Auto-saving content packages took 0.024
[2019.09.30-23.34.46:629][972]BlueprintLog: New page: Compile MySplinePlatform
[2019.09.30-23.34.55:910][ 50]LogSavePackage: Moving '../../../../../../Users/s192123/Documents/GitHub/Cert2/Platformer/Saved/Level_1D5F3699642DAEE2208F0E3BCA4F42A73.tmp' to '../../../../../../Users/s192123/Documents/GitHub/Cert2/Platformer/Content/_MyContent/Maps/Level_1.umap'
[2019.09.30-23.34.55:946][ 50]Cmd: OBJ SAVEPACKAGE PACKAGE="/Game/_MyContent/Maps/Level_1_BuiltData" FILE="../../../../../../Users/s192123/Documents/GitHub/Cert2/Platformer/Content/_MyContent/Maps/Level_1_BuiltData.uasset" SILENT=true
[2019.09.30-23.34.55:972][ 50]LogSavePackage: Moving '../../../../../../Users/s192123/Documents/GitHub/Cert2/Platformer/Saved/Level_1_BuiltData4A769E204C6D3A79326053B71F2D7D6B.tmp' to '../../../../../../Users/s192123/Documents/GitHub/Cert2/Platformer/Content/_MyContent/Maps/Level_1_BuiltData.uasset'
[2019.09.30-23.34.56:985][170]LogTemp: Repeating last play command: New Editor Window (PIE)
[2019.09.30-23.34.57:007][170]LogPlayLevel: PlayLevel: No blueprints needed recompiling
[2019.09.30-23.34.57:007][170]PIE: New page: PIE session: Level_1 (Oct 1, 2019, 7:34:57 PM)
[2019.09.30-23.34.57:007][170]LogPlayLevel: Creating play world package: /Game/_MyContent/Maps/UEDPIE_0_Level_1
[2019.09.30-23.34.57:010][170]LogPlayLevel: PIE: StaticDuplicateObject took: (0.002940s)
[2019.09.30-23.34.57:011][170]LogAIModule: Creating AISystem for world Level_1
[2019.09.30-23.34.57:011][170]LogPlayLevel: PIE: World Init took: (0.000933s)
[2019.09.30-23.34.57:011][170]LogPlayLevel: PIE: Created PIE world by copying editor world from /Game/_MyContent/Maps/Level_1.Level_1 to /Game/_MyContent/Maps/UEDPIE_0_Level_1.Level_1 (0.003997s)
[2019.09.30-23.34.57:035][170]LogInit: XAudio2 using 'Digital Audio (S/PDIF) (High Definition Audio Device)' : 2 channels at 48 kHz using 16 bits per sample (channel mask 0x3)
[2019.09.30-23.34.57:043][170]LogInit: FAudioDevice initialized.
[2019.09.30-23.34.57:051][170]LogSlate: Updating window title bar state: overlay mode, drag disabled, window buttons hidden, title bar hidden
[2019.09.30-23.34.57:091][170]LogLoad: Game class is 'GameModeBase'
[2019.09.30-23.34.57:094][170]LogWorld: Bringing World /Game/_MyContent/Maps/UEDPIE_0_Level_1.Level_1 up for play (max tick rate 0) at 2019.10.01-09.34.57
[2019.09.30-23.34.57:094][170]LogWorld: Bringing up level for play took: 0.001865
[2019.09.30-23.34.57:109][170]PIE: Play in editor start time for /Game/_MyContent/Maps/UEDPIE_0_Level_1 -0.186
[2019.09.30-23.35.03:367][631]LogSlate: Updating window title bar state: overlay mode, drag disabled, window buttons hidden, title bar hidden
[2019.09.30-23.35.03:385][631]LogSlate: Window 'Platformer Game Preview Standalone (64-bit/PCD3D_SM5)' being destroyed
[2019.09.30-23.35.03:416][631]LogPlayLevel: Display: Shutting down PIE online subsystems
[2019.09.30-23.35.03:471][634]LogPlayLevel: Display: Destroying online subsystem :Context_6
[2019.09.30-23.35.04:353][738]LogTemp: Repeating last play command: New Editor Window (PIE)
[2019.09.30-23.35.04:369][738]LogPlayLevel: PlayLevel: No blueprints needed recompiling
[2019.09.30-23.35.04:370][738]PIE: New page: PIE session: Level_1 (Oct 1, 2019, 7:35:04 PM)
[2019.09.30-23.35.04:370][738]LogPlayLevel: Creating play world package: /Game/_MyContent/Maps/UEDPIE_0_Level_1
[2019.09.30-23.35.04:373][738]LogPlayLevel: PIE: StaticDuplicateObject took: (0.003200s)
[2019.09.30-23.35.04:374][738]LogAIModule: Creating AISystem for world Level_1
[2019.09.30-23.35.04:374][738]LogPlayLevel: PIE: World Init took: (0.001217s)
[2019.09.30-23.35.04:374][738]LogPlayLevel: PIE: Created PIE world by copying editor world from /Game/_MyContent/Maps/Level_1.Level_1 to /Game/_MyContent/Maps/UEDPIE_0_Level_1.Level_1 (0.004573s)
[2019.09.30-23.35.04:397][738]LogInit: XAudio2 using 'Digital Audio (S/PDIF) (High Definition Audio Device)' : 2 channels at 48 kHz using 16 bits per sample (channel mask 0x3)
[2019.09.30-23.35.04:405][738]LogInit: FAudioDevice initialized.
[2019.09.30-23.35.04:412][738]LogSlate: Updating window title bar state: overlay mode, drag disabled, window buttons hidden, title bar hidden
[2019.09.30-23.35.04:449][738]LogLoad: Game class is 'GameModeBase'
[2019.09.30-23.35.04:451][738]LogWorld: Bringing World /Game/_MyContent/Maps/UEDPIE_0_Level_1.Level_1 up for play (max tick rate 0) at 2019.10.01-09.35.04
[2019.09.30-23.35.04:452][738]LogWorld: Bringing up level for play took: 0.001898
[2019.09.30-23.35.04:466][738]PIE: Play in editor start time for /Game/_MyContent/Maps/UEDPIE_0_Level_1 -0.83
[2019.09.30-23.35.12:890][359]LogSlate: Updating window title bar state: overlay mode, drag disabled, window buttons hidden, title bar hidden
[2019.09.30-23.35.12:909][359]LogSlate: Window 'Platformer Game Preview Standalone (64-bit/PCD3D_SM5)' being destroyed
[2019.09.30-23.35.12:942][359]LogPlayLevel: Display: Shutting down PIE online subsystems
[2019.09.30-23.35.12:990][361]LogPlayLevel: Display: Destroying online subsystem :Context_7
[2019.09.30-23.36.20:307][161]LogEditorViewport: Clicking on Actor (context menu): MySplinePlatform_C (Platform_2)
[2019.09.30-23.36.20:350][161]LogSlate: FSceneViewport::OnFocusLost() reason 2
[2019.09.30-23.36.21:121][249]LogEditorViewport: Clicking on Actor (LMB): StaticMeshActor (Floor)
[2019.09.30-23.36.22:224][373]LogEditorViewport: Clicking on Actor (LMB): MySplinePlatform_C (Platform_2)
[2019.09.30-23.37.51:917][703]LogPlayLevel: PlayLevel: No blueprints needed recompiling
[2019.09.30-23.37.51:917][703]PIE: New page: SIE session: Level_1 (Oct 1, 2019, 7:37:51 PM)
[2019.09.30-23.37.51:917][703]LogPlayLevel: Creating play world package: /Game/_MyContent/Maps/UEDPIE_0_Level_1
[2019.09.30-23.37.51:921][703]LogPlayLevel: PIE: StaticDuplicateObject took: (0.003391s)
[2019.09.30-23.37.51:921][703]LogAIModule: Creating AISystem for world Level_1
[2019.09.30-23.37.51:922][703]LogPlayLevel: PIE: World Init took: (0.000976s)
[2019.09.30-23.37.51:922][703]LogPlayLevel: PIE: Created PIE world by copying editor world from /Game/_MyContent/Maps/Level_1.Level_1 to /Game/_MyContent/Maps/UEDPIE_0_Level_1.Level_1 (0.004482s)
[2019.09.30-23.37.51:959][703]LogInit: XAudio2 using 'Digital Audio (S/PDIF) (High Definition Audio Device)' : 2 channels at 48 kHz using 16 bits per sample (channel mask 0x3)
[2019.09.30-23.37.51:967][703]LogInit: FAudioDevice initialized.
[2019.09.30-23.37.51:977][703]LogSlate: FSceneViewport::OnFocusLost() reason 2
[2019.09.30-23.37.52:008][703]LogLoad: Game class is 'GameModeBase'
[2019.09.30-23.37.52:011][703]LogWorld: Bringing World /Game/_MyContent/Maps/UEDPIE_0_Level_1.Level_1 up for play (max tick rate 0) at 2019.10.01-09.37.52
[2019.09.30-23.37.52:011][703]LogWorld: Bringing up level for play took: 0.001674
[2019.09.30-23.37.52:026][703]PIE: Play in editor start time for /Game/_MyContent/Maps/UEDPIE_0_Level_1 0.728
[2019.09.30-23.37.58:190][370]LogSlate: FSceneViewport::OnFocusLost() reason 0
[2019.09.30-23.37.58:275][380]LogSlate: Updating window title bar state: overlay mode, drag disabled, window buttons hidden, title bar hidden
[2019.09.30-23.37.58:306][380]LogPlayLevel: Display: Shutting down PIE online subsystems
[2019.09.30-23.37.58:330][380]LogSlate: Updating window title bar state: overlay mode, drag disabled, window buttons hidden, title bar hidden
[2019.09.30-23.37.58:381][385]LogPlayLevel: Display: Destroying online subsystem :Context_8
[2019.09.30-23.38.01:962][785]LogEditorViewport: Clicking on Actor (LMB): StaticMeshActor (Floor)
[2019.09.30-23.38.02:714][865]LogEditorViewport: Clicking on Actor (LMB): StaticMeshActor (Floor)
[2019.09.30-23.38.05:272][133]LogEditorViewport: Clicking on Actor (LMB): MySplinePlatform_C (Platform_2)
[2019.09.30-23.38.21:595][985]LogSlate: FSceneViewport::OnFocusLost() reason 2
[2019.09.30-23.38.22:981][146]LogSlate: FSceneViewport::OnFocusLost() reason 2
[2019.09.30-23.38.25:454][146]LogSlate: Window 'Save Content' being destroyed
[2019.09.30-23.38.25:465][146]LogSlate: FSceneViewport::OnFocusLost() reason 2
[2019.09.30-23.38.25:496][146]LogSavePackage: Moving '../../../../../../Users/s192123/Documents/GitHub/Cert2/Platformer/Saved/MySplinePlatformFF8A71FC4BF82EDC1412808E9BA588E3.tmp' to '../../../../../../Users/s192123/Documents/GitHub/Cert2/Platformer/Content/_MyContent/Blueprints/MySplinePlatform.uasset'
[2019.09.30-23.38.25:664][146]LogSavePackage: Moving '../../../../../../Users/s192123/Documents/GitHub/Cert2/Platformer/Saved/Level_12573120D4CB47DB2806799ABCF425871.tmp' to '../../../../../../Users/s192123/Documents/GitHub/Cert2/Platformer/Content/_MyContent/Maps/Level_1.umap'
[2019.09.30-23.38.25:696][146]LogFileHelpers: Saving map 'Level_1' took 0.192
[2019.09.30-23.38.27:636][370]LogSlate: FSceneViewport::OnFocusLost() reason 2
[2019.09.30-23.38.28:552][476]LogPlayLevel: PlayLevel: No blueprints needed recompiling
[2019.09.30-23.38.28:552][476]PIE: New page: PIE session: Level_1 (Oct 1, 2019, 7:38:28 PM)
[2019.09.30-23.38.28:552][476]LogPlayLevel: Creating play world package: /Game/_MyContent/Maps/UEDPIE_0_Level_1
[2019.09.30-23.38.28:555][476]LogPlayLevel: PIE: StaticDuplicateObject took: (0.003295s)
[2019.09.30-23.38.28:556][476]LogAIModule: Creating AISystem for world Level_1
[2019.09.30-23.38.28:556][476]LogPlayLevel: PIE: World Init took: (0.000777s)
[2019.09.30-23.38.28:556][476]LogPlayLevel: PIE: Created PIE world by copying editor world from /Game/_MyContent/Maps/Level_1.Level_1 to /Game/_MyContent/Maps/UEDPIE_0_Level_1.Level_1 (0.004217s)
[2019.09.30-23.38.28:587][476]LogInit: XAudio2 using 'Digital Audio (S/PDIF) (High Definition Audio Device)' : 2 channels at 48 kHz using 16 bits per sample (channel mask 0x3)
[2019.09.30-23.38.28:595][476]LogInit: FAudioDevice initialized.
[2019.09.30-23.38.28:599][476]LogSlate: FSceneViewport::OnFocusLost() reason 2
[2019.09.30-23.38.28:602][476]LogSlate: Updating window title bar state: overlay mode, drag disabled, window buttons hidden, title bar hidden
[2019.09.30-23.38.28:638][476]LogLoad: Game class is 'GameModeBase'
[2019.09.30-23.38.28:640][476]LogWorld: Bringing World /Game/_MyContent/Maps/UEDPIE_0_Level_1.Level_1 up for play (max tick rate 0) at 2019.10.01-09.38.28
[2019.09.30-23.38.28:640][476]LogWorld: Bringing up level for play took: 0.001810
[2019.09.30-23.38.28:655][476]PIE: Play in editor start time for /Game/_MyContent/Maps/UEDPIE_0_Level_1 -0.644
[2019.09.30-23.38.36:480][ 63]LogSlate: Updating window title bar state: overlay mode, drag disabled, window buttons hidden, title bar hidden
[2019.09.30-23.38.36:499][ 63]LogSlate: Window 'Platformer Game Preview Standalone (64-bit/PCD3D_SM5)' being destroyed
[2019.09.30-23.38.36:529][ 63]LogPlayLevel: Display: Shutting down PIE online subsystems
[2019.09.30-23.38.36:587][ 66]LogPlayLevel: Display: Destroying online subsystem :Context_9
[2019.09.30-23.39.23:697][678]LogEditorViewport: Clicking on Actor (LMB): MySplinePlatform_C (Platform_2)
[2019.09.30-23.39.47:484][317]LogSlate: FSceneViewport::OnFocusLost() reason 0
[2019.09.30-23.39.54:552][128]LogSlate: FSceneViewport::OnFocusLost() reason 0
[2019.09.30-23.39.54:635][138]LogTemp: Repeating last play command: New Editor Window (PIE)
[2019.09.30-23.39.54:652][138]LogPlayLevel: PlayLevel: No blueprints needed recompiling
[2019.09.30-23.39.54:653][138]PIE: New page: PIE session: Level_1 (Oct 1, 2019, 7:39:54 PM)
[2019.09.30-23.39.54:653][138]LogPlayLevel: Creating play world package: /Game/_MyContent/Maps/UEDPIE_0_Level_1
[2019.09.30-23.39.54:656][138]LogPlayLevel: PIE: StaticDuplicateObject took: (0.003457s)
[2019.09.30-23.39.54:657][138]LogAIModule: Creating AISystem for world Level_1
[2019.09.30-23.39.54:657][138]LogPlayLevel: PIE: World Init took: (0.001252s)
[2019.09.30-23.39.54:658][138]LogPlayLevel: PIE: Created PIE world by copying editor world from /Game/_MyContent/Maps/Level_1.Level_1 to /Game/_MyContent/Maps/UEDPIE_0_Level_1.Level_1 (0.004852s)
[2019.09.30-23.39.54:688][138]LogInit: XAudio2 using 'Digital Audio (S/PDIF) (High Definition Audio Device)' : 2 channels at 48 kHz using 16 bits per sample (channel mask 0x3)
[2019.09.30-23.39.54:696][138]LogInit: FAudioDevice initialized.
[2019.09.30-23.39.54:704][138]LogSlate: Updating window title bar state: overlay mode, drag disabled, window buttons hidden, title bar hidden
[2019.09.30-23.39.54:740][138]LogLoad: Game class is 'GameModeBase'
[2019.09.30-23.39.54:743][138]LogWorld: Bringing World /Game/_MyContent/Maps/UEDPIE_0_Level_1.Level_1 up for play (max tick rate 0) at 2019.10.01-09.39.54
[2019.09.30-23.39.54:743][138]LogWorld: Bringing up level for play took: 0.001911
[2019.09.30-23.39.54:758][138]PIE: Play in editor start time for /Game/_MyContent/Maps/UEDPIE_0_Level_1 -0.542
[2019.09.30-23.40.03:800][804]LogSlate: Updating window title bar state: overlay mode, drag disabled, window buttons hidden, title bar hidden
[2019.09.30-23.40.03:821][804]LogSlate: Window 'Platformer Game Preview Standalone (64-bit/PCD3D_SM5)' being destroyed
[2019.09.30-23.40.03:858][804]LogPlayLevel: Display: Shutting down PIE online subsystems
[2019.09.30-23.40.03:897][805]Cmd: SELECT NONE
[2019.09.30-23.40.03:905][806]LogPlayLevel: Display: Destroying online subsystem :Context_10
[2019.09.30-23.40.51:991][631]LogSlate: FSceneViewport::OnFocusLost() reason 2
[2019.09.30-23.40.52:069][631]LogSavePackage: Moving '../../../../../../Users/s192123/Documents/GitHub/Cert2/Platformer/Saved/Level_15F576ACA4E1463400DC9AFBF8B9B5383.tmp' to '../../../../../../Users/s192123/Documents/GitHub/Cert2/Platformer/Content/_MyContent/Maps/Level_1.umap'
[2019.09.30-23.40.52:102][631]Cmd: OBJ SAVEPACKAGE PACKAGE="/Game/_MyContent/Maps/Level_1_BuiltData" FILE="../../../../../../Users/s192123/Documents/GitHub/Cert2/Platformer/Content/_MyContent/Maps/Level_1_BuiltData.uasset" SILENT=true
[2019.09.30-23.40.52:123][631]LogSavePackage: Moving '../../../../../../Users/s192123/Documents/GitHub/Cert2/Platformer/Saved/Level_1_BuiltDataBCA2D72F44EC0FAD2EEEBE9D8C61D063.tmp' to '../../../../../../Users/s192123/Documents/GitHub/Cert2/Platformer/Content/_MyContent/Maps/Level_1_BuiltData.uasset'
